<?xml version="1.0" encoding="UTF-8"?>
<testng-results ignored="0" total="1" passed="1" failed="0" skipped="0">
  <reporter-output>
  </reporter-output>
  <suite started-at="2024-03-26T03:02:25 EET" name="Default suite" finished-at="2024-03-26T03:02:40 EET" duration-ms="14891">
    <groups>
    </groups>
    <test started-at="2024-03-26T03:02:25 EET" name="Default test" finished-at="2024-03-26T03:02:40 EET" duration-ms="14891">
      <class name="Almosafer.AlmosaferTestCAse">
        <test-method is-config="true" signature="mySetup()[pri:0, instance:Almosafer.AlmosaferTestCAse@5911e990]" started-at="2024-03-26T03:02:25 EET" name="mySetup" finished-at="2024-03-26T03:02:39 EET" duration-ms="14825" status="PASS">
          <reporter-output>
          </reporter-output>
        </test-method> <!-- mySetup -->
        <test-method signature="languagesTest()[pri:0, instance:Almosafer.AlmosaferTestCAse@5911e990]" started-at="2024-03-26T03:02:40 EET" name="languagesTest" finished-at="2024-03-26T03:02:40 EET" duration-ms="10" status="PASS">
          <reporter-output>
          </reporter-output>
        </test-method> <!-- languagesTest -->
      </class> <!-- Almosafer.AlmosaferTestCAse -->
    </test> <!-- Default test -->
  </suite> <!-- Default suite -->
</testng-results>
